{"/Users/apple/dev/code/redux-lite/src/index.tsx": {"path":"/Users/apple/dev/code/redux-lite/src/index.tsx","all":false,"statementMap":{"0":{"start":{"line":1,"column":0},"end":{"line":1,"column":142}},"1":{"start":{"line":2,"column":0},"end":{"line":2,"column":56}},"2":{"start":{"line":3,"column":0},"end":{"line":3,"column":78}},"3":{"start":{"line":4,"column":0},"end":{"line":4,"column":0}},"4":{"start":{"line":5,"column":0},"end":{"line":5,"column":72}},"5":{"start":{"line":6,"column":0},"end":{"line":6,"column":62}},"6":{"start":{"line":7,"column":0},"end":{"line":7,"column":69}},"7":{"start":{"line":8,"column":0},"end":{"line":8,"column":34}},"8":{"start":{"line":9,"column":0},"end":{"line":9,"column":42}},"9":{"start":{"line":10,"column":0},"end":{"line":10,"column":40}},"10":{"start":{"line":11,"column":0},"end":{"line":11,"column":12}},"11":{"start":{"line":12,"column":0},"end":{"line":12,"column":34}},"12":{"start":{"line":13,"column":0},"end":{"line":13,"column":5}},"13":{"start":{"line":14,"column":0},"end":{"line":14,"column":15}},"14":{"start":{"line":15,"column":0},"end":{"line":15,"column":29}},"15":{"start":{"line":16,"column":0},"end":{"line":16,"column":0}},"16":{"start":{"line":17,"column":0},"end":{"line":17,"column":35}},"17":{"start":{"line":18,"column":0},"end":{"line":18,"column":82}},"18":{"start":{"line":19,"column":0},"end":{"line":19,"column":48}},"19":{"start":{"line":20,"column":0},"end":{"line":20,"column":33}},"20":{"start":{"line":21,"column":0},"end":{"line":21,"column":0}},"21":{"start":{"line":22,"column":0},"end":{"line":22,"column":76}},"22":{"start":{"line":23,"column":0},"end":{"line":23,"column":88}},"23":{"start":{"line":24,"column":0},"end":{"line":24,"column":0}},"24":{"start":{"line":25,"column":0},"end":{"line":25,"column":20}},"25":{"start":{"line":26,"column":0},"end":{"line":26,"column":55}},"26":{"start":{"line":27,"column":0},"end":{"line":27,"column":115}},"27":{"start":{"line":28,"column":0},"end":{"line":28,"column":57}},"28":{"start":{"line":29,"column":0},"end":{"line":29,"column":45}},"29":{"start":{"line":30,"column":0},"end":{"line":30,"column":66}},"30":{"start":{"line":31,"column":0},"end":{"line":31,"column":9}},"31":{"start":{"line":32,"column":0},"end":{"line":32,"column":16}},"32":{"start":{"line":33,"column":0},"end":{"line":33,"column":19}},"33":{"start":{"line":34,"column":0},"end":{"line":34,"column":30}},"34":{"start":{"line":35,"column":0},"end":{"line":35,"column":10}},"35":{"start":{"line":36,"column":0},"end":{"line":36,"column":7}},"36":{"start":{"line":37,"column":0},"end":{"line":37,"column":69}},"37":{"start":{"line":38,"column":0},"end":{"line":38,"column":107}},"38":{"start":{"line":39,"column":0},"end":{"line":39,"column":5}},"39":{"start":{"line":40,"column":0},"end":{"line":40,"column":0}},"40":{"start":{"line":41,"column":0},"end":{"line":41,"column":38}},"41":{"start":{"line":42,"column":0},"end":{"line":42,"column":62}},"42":{"start":{"line":43,"column":0},"end":{"line":43,"column":5}},"43":{"start":{"line":44,"column":0},"end":{"line":44,"column":0}},"44":{"start":{"line":45,"column":0},"end":{"line":45,"column":12}},"45":{"start":{"line":46,"column":0},"end":{"line":46,"column":15}},"46":{"start":{"line":47,"column":0},"end":{"line":47,"column":23}},"47":{"start":{"line":48,"column":0},"end":{"line":48,"column":6}},"48":{"start":{"line":49,"column":0},"end":{"line":49,"column":4}},"49":{"start":{"line":50,"column":0},"end":{"line":50,"column":0}},"50":{"start":{"line":51,"column":0},"end":{"line":51,"column":35}},"51":{"start":{"line":52,"column":0},"end":{"line":52,"column":38}},"52":{"start":{"line":53,"column":0},"end":{"line":53,"column":28}},"53":{"start":{"line":54,"column":0},"end":{"line":54,"column":55}},"54":{"start":{"line":55,"column":0},"end":{"line":55,"column":18}},"55":{"start":{"line":56,"column":0},"end":{"line":56,"column":0}},"56":{"start":{"line":57,"column":0},"end":{"line":57,"column":37}},"57":{"start":{"line":58,"column":0},"end":{"line":58,"column":30}},"58":{"start":{"line":59,"column":0},"end":{"line":59,"column":85}},"59":{"start":{"line":60,"column":0},"end":{"line":60,"column":52}},"60":{"start":{"line":61,"column":0},"end":{"line":61,"column":45}},"61":{"start":{"line":62,"column":0},"end":{"line":62,"column":26}},"62":{"start":{"line":63,"column":0},"end":{"line":63,"column":55}},"63":{"start":{"line":64,"column":0},"end":{"line":64,"column":7}},"64":{"start":{"line":65,"column":0},"end":{"line":65,"column":26}},"65":{"start":{"line":66,"column":0},"end":{"line":66,"column":24}},"66":{"start":{"line":67,"column":0},"end":{"line":67,"column":0}},"67":{"start":{"line":68,"column":0},"end":{"line":68,"column":69}},"68":{"start":{"line":69,"column":0},"end":{"line":69,"column":0}},"69":{"start":{"line":70,"column":0},"end":{"line":70,"column":12}},"70":{"start":{"line":71,"column":0},"end":{"line":71,"column":57}},"71":{"start":{"line":72,"column":0},"end":{"line":72,"column":18}},"72":{"start":{"line":73,"column":0},"end":{"line":73,"column":30}},"73":{"start":{"line":74,"column":0},"end":{"line":74,"column":6}},"74":{"start":{"line":75,"column":0},"end":{"line":75,"column":4}},"75":{"start":{"line":76,"column":0},"end":{"line":76,"column":0}},"76":{"start":{"line":77,"column":0},"end":{"line":77,"column":28}},"77":{"start":{"line":78,"column":0},"end":{"line":78,"column":69}},"78":{"start":{"line":79,"column":0},"end":{"line":79,"column":45}},"79":{"start":{"line":80,"column":0},"end":{"line":80,"column":19}},"80":{"start":{"line":81,"column":0},"end":{"line":81,"column":84}},"81":{"start":{"line":82,"column":0},"end":{"line":82,"column":5}},"82":{"start":{"line":83,"column":0},"end":{"line":83,"column":0}},"83":{"start":{"line":84,"column":0},"end":{"line":84,"column":40}},"84":{"start":{"line":85,"column":0},"end":{"line":85,"column":0}},"85":{"start":{"line":86,"column":0},"end":{"line":86,"column":65}},"86":{"start":{"line":87,"column":0},"end":{"line":87,"column":39}},"87":{"start":{"line":88,"column":0},"end":{"line":88,"column":69}},"88":{"start":{"line":89,"column":0},"end":{"line":89,"column":108}},"89":{"start":{"line":90,"column":0},"end":{"line":90,"column":0}},"90":{"start":{"line":91,"column":0},"end":{"line":91,"column":30}},"91":{"start":{"line":92,"column":0},"end":{"line":92,"column":62}},"92":{"start":{"line":93,"column":0},"end":{"line":93,"column":61}},"93":{"start":{"line":94,"column":0},"end":{"line":94,"column":10}},"94":{"start":{"line":95,"column":0},"end":{"line":95,"column":0}},"95":{"start":{"line":96,"column":0},"end":{"line":96,"column":37}},"96":{"start":{"line":97,"column":0},"end":{"line":97,"column":69}},"97":{"start":{"line":98,"column":0},"end":{"line":98,"column":60}},"98":{"start":{"line":99,"column":0},"end":{"line":99,"column":10}},"99":{"start":{"line":100,"column":0},"end":{"line":100,"column":0}},"100":{"start":{"line":101,"column":0},"end":{"line":101,"column":19}},"101":{"start":{"line":102,"column":0},"end":{"line":102,"column":82}},"102":{"start":{"line":103,"column":0},"end":{"line":103,"column":0}},"103":{"start":{"line":104,"column":0},"end":{"line":104,"column":85}},"104":{"start":{"line":105,"column":0},"end":{"line":105,"column":26}},"105":{"start":{"line":106,"column":0},"end":{"line":106,"column":0}},"106":{"start":{"line":107,"column":0},"end":{"line":107,"column":40}},"107":{"start":{"line":108,"column":0},"end":{"line":108,"column":4}},"108":{"start":{"line":109,"column":0},"end":{"line":109,"column":0}},"109":{"start":{"line":110,"column":0},"end":{"line":110,"column":10}},"110":{"start":{"line":111,"column":0},"end":{"line":111,"column":22}},"111":{"start":{"line":112,"column":0},"end":{"line":112,"column":22}},"112":{"start":{"line":113,"column":0},"end":{"line":113,"column":4}},"113":{"start":{"line":114,"column":0},"end":{"line":114,"column":1}}},"s":{"0":1,"1":1,"2":1,"3":1,"4":1,"5":13,"6":13,"7":39,"8":39,"9":13,"10":39,"11":26,"12":26,"13":39,"14":13,"15":13,"16":13,"17":13,"18":9,"19":9,"20":9,"21":9,"22":9,"23":9,"24":9,"25":3,"26":3,"27":3,"28":3,"29":1,"30":1,"31":2,"32":2,"33":2,"34":2,"35":2,"36":3,"37":3,"38":3,"39":6,"40":9,"41":2,"42":2,"43":4,"44":4,"45":4,"46":4,"47":4,"48":9,"49":13,"50":13,"51":13,"52":13,"53":13,"54":13,"55":13,"56":13,"57":13,"58":13,"59":13,"60":22,"61":13,"62":3,"63":3,"64":10,"65":22,"66":22,"67":22,"68":22,"69":22,"70":22,"71":22,"72":22,"73":22,"74":22,"75":13,"76":13,"77":13,"78":24,"79":24,"80":4,"81":4,"82":19,"83":19,"84":19,"85":19,"86":19,"87":19,"88":57,"89":57,"90":57,"91":57,"92":6,"93":6,"94":57,"95":57,"96":57,"97":3,"98":3,"99":57,"100":57,"101":19,"102":19,"103":19,"104":19,"105":19,"106":19,"107":24,"108":13,"109":13,"110":13,"111":13,"112":13,"113":13},"branchMap":{"0":{"type":"branch","line":5,"loc":{"start":{"line":5,"column":7},"end":{"line":114,"column":1}},"locations":[{"start":{"line":5,"column":7},"end":{"line":114,"column":1}}]},"1":{"type":"branch","line":7,"loc":{"start":{"line":7,"column":54},"end":{"line":15,"column":5}},"locations":[{"start":{"line":7,"column":54},"end":{"line":15,"column":5}}]},"2":{"type":"branch","line":9,"loc":{"start":{"line":9,"column":41},"end":{"line":11,"column":11}},"locations":[{"start":{"line":9,"column":41},"end":{"line":11,"column":11}}]},"3":{"type":"branch","line":11,"loc":{"start":{"line":11,"column":4},"end":{"line":13,"column":5}},"locations":[{"start":{"line":11,"column":4},"end":{"line":13,"column":5}}]},"4":{"type":"branch","line":18,"loc":{"start":{"line":18,"column":18},"end":{"line":49,"column":4}},"locations":[{"start":{"line":18,"column":18},"end":{"line":49,"column":4}}]},"5":{"type":"branch","line":23,"loc":{"start":{"line":23,"column":40},"end":{"line":23,"column":80}},"locations":[{"start":{"line":23,"column":40},"end":{"line":23,"column":80}}]},"6":{"type":"branch","line":23,"loc":{"start":{"line":23,"column":76},"end":{"line":23,"column":88}},"locations":[{"start":{"line":23,"column":76},"end":{"line":23,"column":88}}]},"7":{"type":"branch","line":25,"loc":{"start":{"line":25,"column":19},"end":{"line":39,"column":5}},"locations":[{"start":{"line":25,"column":19},"end":{"line":39,"column":5}}]},"8":{"type":"branch","line":29,"loc":{"start":{"line":29,"column":44},"end":{"line":31,"column":9}},"locations":[{"start":{"line":29,"column":44},"end":{"line":31,"column":9}}]},"9":{"type":"branch","line":31,"loc":{"start":{"line":31,"column":8},"end":{"line":36,"column":7}},"locations":[{"start":{"line":31,"column":8},"end":{"line":36,"column":7}}]},"10":{"type":"branch","line":39,"loc":{"start":{"line":39,"column":4},"end":{"line":41,"column":37}},"locations":[{"start":{"line":39,"column":4},"end":{"line":41,"column":37}}]},"11":{"type":"branch","line":41,"loc":{"start":{"line":41,"column":37},"end":{"line":43,"column":5}},"locations":[{"start":{"line":41,"column":37},"end":{"line":43,"column":5}}]},"12":{"type":"branch","line":43,"loc":{"start":{"line":43,"column":4},"end":{"line":48,"column":6}},"locations":[{"start":{"line":43,"column":4},"end":{"line":48,"column":6}}]},"13":{"type":"branch","line":60,"loc":{"start":{"line":60,"column":7},"end":{"line":75,"column":4}},"locations":[{"start":{"line":60,"column":7},"end":{"line":75,"column":4}}]},"14":{"type":"branch","line":61,"loc":{"start":{"line":61,"column":38},"end":{"line":66,"column":7}},"locations":[{"start":{"line":61,"column":38},"end":{"line":66,"column":7}}]},"15":{"type":"branch","line":62,"loc":{"start":{"line":62,"column":25},"end":{"line":64,"column":7}},"locations":[{"start":{"line":62,"column":25},"end":{"line":64,"column":7}}]},"16":{"type":"branch","line":64,"loc":{"start":{"line":64,"column":6},"end":{"line":65,"column":26}},"locations":[{"start":{"line":64,"column":6},"end":{"line":65,"column":26}}]},"17":{"type":"branch","line":78,"loc":{"start":{"line":78,"column":28},"end":{"line":108,"column":4}},"locations":[{"start":{"line":78,"column":28},"end":{"line":108,"column":4}}]},"18":{"type":"branch","line":80,"loc":{"start":{"line":80,"column":18},"end":{"line":82,"column":5}},"locations":[{"start":{"line":80,"column":18},"end":{"line":82,"column":5}}]},"19":{"type":"branch","line":82,"loc":{"start":{"line":82,"column":4},"end":{"line":107,"column":40}},"locations":[{"start":{"line":82,"column":4},"end":{"line":107,"column":40}}]},"20":{"type":"branch","line":87,"loc":{"start":{"line":87,"column":32},"end":{"line":105,"column":7}},"locations":[{"start":{"line":87,"column":32},"end":{"line":105,"column":7}}]},"21":{"type":"branch","line":88,"loc":{"start":{"line":88,"column":54},"end":{"line":102,"column":9}},"locations":[{"start":{"line":88,"column":54},"end":{"line":102,"column":9}}]},"22":{"type":"branch","line":92,"loc":{"start":{"line":92,"column":43},"end":{"line":94,"column":10}},"locations":[{"start":{"line":92,"column":43},"end":{"line":94,"column":10}}]},"23":{"type":"branch","line":97,"loc":{"start":{"line":97,"column":50},"end":{"line":99,"column":10}},"locations":[{"start":{"line":97,"column":50},"end":{"line":99,"column":10}}]}},"b":{"0":[13],"1":[39],"2":[13],"3":[26],"4":[9],"5":[2],"6":[7],"7":[3],"8":[1],"9":[2],"10":[6],"11":[2],"12":[4],"13":[22],"14":[13],"15":[3],"16":[10],"17":[24],"18":[4],"19":[19],"20":[19],"21":[57],"22":[6],"23":[3]},"fnMap":{"0":{"name":"initiate","decl":{"start":{"line":5,"column":7},"end":{"line":114,"column":1}},"loc":{"start":{"line":5,"column":7},"end":{"line":114,"column":1}},"line":5},"1":{"name":"reducer","decl":{"start":{"line":18,"column":18},"end":{"line":49,"column":4}},"loc":{"start":{"line":18,"column":18},"end":{"line":49,"column":4}},"line":18},"2":{"name":"ReduxLiteProvider","decl":{"start":{"line":60,"column":7},"end":{"line":75,"column":4}},"loc":{"start":{"line":60,"column":7},"end":{"line":75,"column":4}},"line":60},"3":{"name":"useReduxLiteStore","decl":{"start":{"line":78,"column":28},"end":{"line":108,"column":4}},"loc":{"start":{"line":78,"column":28},"end":{"line":108,"column":4}},"line":78},"4":{"name":"acc.<computed>","decl":{"start":{"line":92,"column":43},"end":{"line":94,"column":10}},"loc":{"start":{"line":92,"column":43},"end":{"line":94,"column":10}},"line":92},"5":{"name":"acc.<computed>","decl":{"start":{"line":97,"column":50},"end":{"line":99,"column":10}},"loc":{"start":{"line":97,"column":50},"end":{"line":99,"column":10}},"line":97}},"f":{"0":13,"1":9,"2":22,"3":24,"4":6,"5":3}}
,"/Users/apple/dev/code/redux-lite/src/types.ts": {"path":"/Users/apple/dev/code/redux-lite/src/types.ts","all":false,"statementMap":{"0":{"start":{"line":1,"column":0},"end":{"line":1,"column":3}},"1":{"start":{"line":2,"column":0},"end":{"line":2,"column":58}},"2":{"start":{"line":3,"column":0},"end":{"line":3,"column":72}},"3":{"start":{"line":4,"column":0},"end":{"line":4,"column":3}},"4":{"start":{"line":5,"column":0},"end":{"line":5,"column":50}},"5":{"start":{"line":6,"column":0},"end":{"line":6,"column":0}},"6":{"start":{"line":7,"column":0},"end":{"line":7,"column":3}},"7":{"start":{"line":8,"column":0},"end":{"line":8,"column":65}},"8":{"start":{"line":9,"column":0},"end":{"line":9,"column":3}},"9":{"start":{"line":10,"column":0},"end":{"line":10,"column":32}},"10":{"start":{"line":11,"column":0},"end":{"line":11,"column":26}},"11":{"start":{"line":12,"column":0},"end":{"line":12,"column":23}},"12":{"start":{"line":13,"column":0},"end":{"line":13,"column":2}},"13":{"start":{"line":14,"column":0},"end":{"line":14,"column":0}},"14":{"start":{"line":15,"column":0},"end":{"line":15,"column":3}},"15":{"start":{"line":16,"column":0},"end":{"line":16,"column":61}},"16":{"start":{"line":17,"column":0},"end":{"line":17,"column":3}},"17":{"start":{"line":18,"column":0},"end":{"line":18,"column":72}},"18":{"start":{"line":19,"column":0},"end":{"line":19,"column":0}},"19":{"start":{"line":20,"column":0},"end":{"line":20,"column":3}},"20":{"start":{"line":21,"column":0},"end":{"line":21,"column":72}},"21":{"start":{"line":22,"column":0},"end":{"line":22,"column":3}},"22":{"start":{"line":23,"column":0},"end":{"line":23,"column":73}},"23":{"start":{"line":24,"column":0},"end":{"line":24,"column":0}},"24":{"start":{"line":25,"column":0},"end":{"line":25,"column":3}},"25":{"start":{"line":26,"column":0},"end":{"line":26,"column":53}},"26":{"start":{"line":27,"column":0},"end":{"line":27,"column":25}},"27":{"start":{"line":28,"column":0},"end":{"line":28,"column":3}},"28":{"start":{"line":29,"column":0},"end":{"line":29,"column":88}},"29":{"start":{"line":30,"column":0},"end":{"line":30,"column":32}},"30":{"start":{"line":31,"column":0},"end":{"line":31,"column":6}},"31":{"start":{"line":32,"column":0},"end":{"line":32,"column":0}},"32":{"start":{"line":33,"column":0},"end":{"line":33,"column":3}},"33":{"start":{"line":34,"column":0},"end":{"line":34,"column":70}},"34":{"start":{"line":35,"column":0},"end":{"line":35,"column":60}},"35":{"start":{"line":36,"column":0},"end":{"line":36,"column":3}},"36":{"start":{"line":37,"column":0},"end":{"line":37,"column":32}},"37":{"start":{"line":38,"column":0},"end":{"line":38,"column":53}},"38":{"start":{"line":39,"column":0},"end":{"line":39,"column":19}},"39":{"start":{"line":40,"column":0},"end":{"line":40,"column":11}},"40":{"start":{"line":41,"column":0},"end":{"line":41,"column":2}},"41":{"start":{"line":42,"column":0},"end":{"line":42,"column":0}},"42":{"start":{"line":43,"column":0},"end":{"line":43,"column":3}},"43":{"start":{"line":44,"column":0},"end":{"line":44,"column":43}},"44":{"start":{"line":45,"column":0},"end":{"line":45,"column":3}},"45":{"start":{"line":46,"column":0},"end":{"line":46,"column":30}},"46":{"start":{"line":47,"column":0},"end":{"line":47,"column":21}},"47":{"start":{"line":48,"column":0},"end":{"line":48,"column":15}},"48":{"start":{"line":49,"column":0},"end":{"line":49,"column":21}},"49":{"start":{"line":50,"column":0},"end":{"line":50,"column":2}},"50":{"start":{"line":51,"column":0},"end":{"line":51,"column":0}},"51":{"start":{"line":52,"column":0},"end":{"line":52,"column":3}},"52":{"start":{"line":53,"column":0},"end":{"line":53,"column":61}},"53":{"start":{"line":54,"column":0},"end":{"line":54,"column":3}},"54":{"start":{"line":55,"column":0},"end":{"line":55,"column":32}},"55":{"start":{"line":56,"column":0},"end":{"line":56,"column":45}},"56":{"start":{"line":57,"column":0},"end":{"line":57,"column":10}},"57":{"start":{"line":58,"column":0},"end":{"line":58,"column":0}},"58":{"start":{"line":59,"column":0},"end":{"line":59,"column":3}},"59":{"start":{"line":60,"column":0},"end":{"line":60,"column":76}},"60":{"start":{"line":61,"column":0},"end":{"line":61,"column":3}},"61":{"start":{"line":62,"column":0},"end":{"line":62,"column":39}},"62":{"start":{"line":63,"column":0},"end":{"line":63,"column":63}},"63":{"start":{"line":64,"column":0},"end":{"line":64,"column":10}},"64":{"start":{"line":65,"column":0},"end":{"line":65,"column":0}},"65":{"start":{"line":66,"column":0},"end":{"line":66,"column":3}},"66":{"start":{"line":67,"column":0},"end":{"line":67,"column":61}},"67":{"start":{"line":68,"column":0},"end":{"line":68,"column":75}},"68":{"start":{"line":69,"column":0},"end":{"line":69,"column":3}},"69":{"start":{"line":70,"column":0},"end":{"line":70,"column":30}},"70":{"start":{"line":71,"column":0},"end":{"line":71,"column":83}},"71":{"start":{"line":72,"column":0},"end":{"line":72,"column":5}},"72":{"start":{"line":73,"column":0},"end":{"line":73,"column":97}},"73":{"start":{"line":74,"column":0},"end":{"line":74,"column":2}},"74":{"start":{"line":75,"column":0},"end":{"line":75,"column":0}},"75":{"start":{"line":76,"column":0},"end":{"line":76,"column":3}},"76":{"start":{"line":77,"column":0},"end":{"line":77,"column":79}},"77":{"start":{"line":78,"column":0},"end":{"line":78,"column":69}},"78":{"start":{"line":79,"column":0},"end":{"line":79,"column":3}},"79":{"start":{"line":80,"column":0},"end":{"line":80,"column":51}},"80":{"start":{"line":81,"column":0},"end":{"line":81,"column":3}},"81":{"start":{"line":82,"column":0},"end":{"line":82,"column":90}},"82":{"start":{"line":83,"column":0},"end":{"line":83,"column":87}},"83":{"start":{"line":84,"column":0},"end":{"line":84,"column":3}},"84":{"start":{"line":85,"column":0},"end":{"line":85,"column":3}},"85":{"start":{"line":86,"column":0},"end":{"line":86,"column":78}},"86":{"start":{"line":87,"column":0},"end":{"line":87,"column":83}},"87":{"start":{"line":88,"column":0},"end":{"line":88,"column":59}},"88":{"start":{"line":89,"column":0},"end":{"line":89,"column":3}},"89":{"start":{"line":90,"column":0},"end":{"line":90,"column":32}},"90":{"start":{"line":91,"column":0},"end":{"line":91,"column":62}},"91":{"start":{"line":92,"column":0},"end":{"line":92,"column":2}}},"s":{"0":1,"1":1,"2":1,"3":1,"4":1,"5":1,"6":1,"7":1,"8":1,"9":1,"10":1,"11":1,"12":1,"13":1,"14":1,"15":1,"16":1,"17":1,"18":1,"19":1,"20":1,"21":1,"22":1,"23":1,"24":1,"25":1,"26":1,"27":1,"28":1,"29":1,"30":1,"31":1,"32":1,"33":1,"34":1,"35":1,"36":1,"37":1,"38":1,"39":1,"40":1,"41":1,"42":1,"43":1,"44":1,"45":1,"46":1,"47":1,"48":1,"49":1,"50":1,"51":1,"52":1,"53":1,"54":1,"55":1,"56":1,"57":1,"58":1,"59":1,"60":1,"61":1,"62":1,"63":1,"64":1,"65":1,"66":1,"67":1,"68":1,"69":1,"70":1,"71":1,"72":1,"73":1,"74":1,"75":1,"76":1,"77":1,"78":1,"79":1,"80":1,"81":1,"82":1,"83":1,"84":1,"85":1,"86":1,"87":1,"88":1,"89":1,"90":1,"91":1},"branchMap":{},"b":{},"fnMap":{},"f":{}}
,"/Users/apple/dev/code/redux-lite/src/utils.ts": {"path":"/Users/apple/dev/code/redux-lite/src/utils.ts","all":false,"statementMap":{"0":{"start":{"line":1,"column":0},"end":{"line":1,"column":87}},"1":{"start":{"line":2,"column":0},"end":{"line":2,"column":0}},"2":{"start":{"line":3,"column":0},"end":{"line":3,"column":3}},"3":{"start":{"line":4,"column":0},"end":{"line":4,"column":50}},"4":{"start":{"line":5,"column":0},"end":{"line":5,"column":57}},"5":{"start":{"line":6,"column":0},"end":{"line":6,"column":2}},"6":{"start":{"line":7,"column":0},"end":{"line":7,"column":68}},"7":{"start":{"line":8,"column":0},"end":{"line":8,"column":60}},"8":{"start":{"line":9,"column":0},"end":{"line":9,"column":3}},"9":{"start":{"line":10,"column":0},"end":{"line":10,"column":65}},"10":{"start":{"line":11,"column":0},"end":{"line":11,"column":10}},"11":{"start":{"line":12,"column":0},"end":{"line":12,"column":28}},"12":{"start":{"line":13,"column":0},"end":{"line":13,"column":24}},"13":{"start":{"line":14,"column":0},"end":{"line":14,"column":4}},"14":{"start":{"line":15,"column":0},"end":{"line":15,"column":1}},"15":{"start":{"line":16,"column":0},"end":{"line":16,"column":0}},"16":{"start":{"line":17,"column":0},"end":{"line":17,"column":58}},"17":{"start":{"line":18,"column":0},"end":{"line":18,"column":78}},"18":{"start":{"line":19,"column":0},"end":{"line":19,"column":33}},"19":{"start":{"line":20,"column":0},"end":{"line":20,"column":0}},"20":{"start":{"line":21,"column":0},"end":{"line":21,"column":77}},"21":{"start":{"line":22,"column":0},"end":{"line":22,"column":68}},"22":{"start":{"line":23,"column":0},"end":{"line":23,"column":19}},"23":{"start":{"line":24,"column":0},"end":{"line":24,"column":0}},"24":{"start":{"line":25,"column":0},"end":{"line":25,"column":60}},"25":{"start":{"line":26,"column":0},"end":{"line":26,"column":0}},"26":{"start":{"line":27,"column":0},"end":{"line":27,"column":31}},"27":{"start":{"line":28,"column":0},"end":{"line":28,"column":47}},"28":{"start":{"line":29,"column":0},"end":{"line":29,"column":5}},"29":{"start":{"line":30,"column":0},"end":{"line":30,"column":0}},"30":{"start":{"line":31,"column":0},"end":{"line":31,"column":30}},"31":{"start":{"line":32,"column":0},"end":{"line":32,"column":52}},"32":{"start":{"line":33,"column":0},"end":{"line":33,"column":45}},"33":{"start":{"line":34,"column":0},"end":{"line":34,"column":59}},"34":{"start":{"line":35,"column":0},"end":{"line":35,"column":7}},"35":{"start":{"line":36,"column":0},"end":{"line":36,"column":18}},"36":{"start":{"line":37,"column":0},"end":{"line":37,"column":5}},"37":{"start":{"line":38,"column":0},"end":{"line":38,"column":0}},"38":{"start":{"line":39,"column":0},"end":{"line":39,"column":36}},"39":{"start":{"line":40,"column":0},"end":{"line":40,"column":36}},"40":{"start":{"line":41,"column":0},"end":{"line":41,"column":0}},"41":{"start":{"line":42,"column":0},"end":{"line":42,"column":52}},"42":{"start":{"line":43,"column":0},"end":{"line":43,"column":0}},"43":{"start":{"line":44,"column":0},"end":{"line":44,"column":44}},"44":{"start":{"line":45,"column":0},"end":{"line":45,"column":27}},"45":{"start":{"line":46,"column":0},"end":{"line":46,"column":101}},"46":{"start":{"line":47,"column":0},"end":{"line":47,"column":21}},"47":{"start":{"line":48,"column":0},"end":{"line":48,"column":7}},"48":{"start":{"line":49,"column":0},"end":{"line":49,"column":5}},"49":{"start":{"line":50,"column":0},"end":{"line":50,"column":0}},"50":{"start":{"line":51,"column":0},"end":{"line":51,"column":16}},"51":{"start":{"line":52,"column":0},"end":{"line":52,"column":3}},"52":{"start":{"line":53,"column":0},"end":{"line":53,"column":0}},"53":{"start":{"line":54,"column":0},"end":{"line":54,"column":15}},"54":{"start":{"line":55,"column":0},"end":{"line":55,"column":1}},"55":{"start":{"line":56,"column":0},"end":{"line":56,"column":0}},"56":{"start":{"line":57,"column":0},"end":{"line":57,"column":79}},"57":{"start":{"line":58,"column":0},"end":{"line":58,"column":144}},"58":{"start":{"line":59,"column":0},"end":{"line":59,"column":31}},"59":{"start":{"line":60,"column":0},"end":{"line":60,"column":31}},"60":{"start":{"line":61,"column":0},"end":{"line":61,"column":62}},"61":{"start":{"line":62,"column":0},"end":{"line":62,"column":38}},"62":{"start":{"line":63,"column":0},"end":{"line":63,"column":42}},"63":{"start":{"line":64,"column":0},"end":{"line":64,"column":10}},"64":{"start":{"line":65,"column":0},"end":{"line":65,"column":40}},"65":{"start":{"line":66,"column":0},"end":{"line":66,"column":29}},"66":{"start":{"line":67,"column":0},"end":{"line":67,"column":67}},"67":{"start":{"line":68,"column":0},"end":{"line":68,"column":44}},"68":{"start":{"line":69,"column":0},"end":{"line":69,"column":33}},"69":{"start":{"line":70,"column":0},"end":{"line":70,"column":68}},"70":{"start":{"line":71,"column":0},"end":{"line":71,"column":9}},"71":{"start":{"line":72,"column":0},"end":{"line":72,"column":42}},"72":{"start":{"line":73,"column":0},"end":{"line":73,"column":59}},"73":{"start":{"line":74,"column":0},"end":{"line":74,"column":14}},"74":{"start":{"line":75,"column":0},"end":{"line":75,"column":72}},"75":{"start":{"line":76,"column":0},"end":{"line":76,"column":45}},"76":{"start":{"line":77,"column":0},"end":{"line":77,"column":7}},"77":{"start":{"line":78,"column":0},"end":{"line":78,"column":5}},"78":{"start":{"line":79,"column":0},"end":{"line":79,"column":3}},"79":{"start":{"line":80,"column":0},"end":{"line":80,"column":18}},"80":{"start":{"line":81,"column":0},"end":{"line":81,"column":1}}},"s":{"0":1,"1":1,"2":1,"3":1,"4":1,"5":1,"6":1,"7":1,"8":1,"9":1,"10":5,"11":5,"12":5,"13":5,"14":5,"15":1,"16":1,"17":1,"18":59,"19":40,"20":59,"21":23,"22":22,"23":22,"24":23,"25":20,"26":23,"27":2,"28":2,"29":18,"30":23,"31":4,"32":4,"33":6,"34":6,"35":2,"36":2,"37":14,"38":14,"39":14,"40":14,"41":23,"42":13,"43":23,"44":21,"45":21,"46":8,"47":8,"48":21,"49":5,"50":5,"51":5,"52":17,"53":17,"54":17,"55":1,"56":1,"57":1,"58":10,"59":10,"60":13,"61":13,"62":13,"63":13,"64":13,"65":10,"66":10,"67":9,"68":7,"69":7,"70":13,"71":7,"72":7,"73":10,"74":6,"75":6,"76":6,"77":13,"78":13,"79":10,"80":10},"branchMap":{"0":{"type":"branch","line":10,"loc":{"start":{"line":10,"column":7},"end":{"line":15,"column":1}},"locations":[{"start":{"line":10,"column":7},"end":{"line":15,"column":1}}]},"1":{"type":"branch","line":18,"loc":{"start":{"line":18,"column":7},"end":{"line":55,"column":1}},"locations":[{"start":{"line":18,"column":7},"end":{"line":55,"column":1}}]},"2":{"type":"branch","line":19,"loc":{"start":{"line":19,"column":21},"end":{"line":19,"column":33}},"locations":[{"start":{"line":19,"column":21},"end":{"line":19,"column":33}}]},"3":{"type":"branch","line":19,"loc":{"start":{"line":19,"column":28},"end":{"line":21,"column":42}},"locations":[{"start":{"line":19,"column":28},"end":{"line":21,"column":42}}]},"4":{"type":"branch","line":19,"loc":{"start":{"line":19,"column":28},"end":{"line":21,"column":14}},"locations":[{"start":{"line":19,"column":28},"end":{"line":21,"column":14}}]},"5":{"type":"branch","line":21,"loc":{"start":{"line":21,"column":6},"end":{"line":21,"column":42}},"locations":[{"start":{"line":21,"column":6},"end":{"line":21,"column":42}}]},"6":{"type":"branch","line":21,"loc":{"start":{"line":21,"column":30},"end":{"line":21,"column":50}},"locations":[{"start":{"line":21,"column":30},"end":{"line":21,"column":50}}]},"7":{"type":"branch","line":21,"loc":{"start":{"line":21,"column":42},"end":{"line":21,"column":76}},"locations":[{"start":{"line":21,"column":42},"end":{"line":21,"column":76}}]},"8":{"type":"branch","line":21,"loc":{"start":{"line":21,"column":76},"end":{"line":52,"column":3}},"locations":[{"start":{"line":21,"column":76},"end":{"line":52,"column":3}}]},"9":{"type":"branch","line":22,"loc":{"start":{"line":22,"column":24},"end":{"line":22,"column":68}},"locations":[{"start":{"line":22,"column":24},"end":{"line":22,"column":68}}]},"10":{"type":"branch","line":22,"loc":{"start":{"line":22,"column":31},"end":{"line":25,"column":54}},"locations":[{"start":{"line":22,"column":31},"end":{"line":25,"column":54}}]},"11":{"type":"branch","line":25,"loc":{"start":{"line":25,"column":47},"end":{"line":25,"column":60}},"locations":[{"start":{"line":25,"column":47},"end":{"line":25,"column":60}}]},"12":{"type":"branch","line":25,"loc":{"start":{"line":25,"column":54},"end":{"line":27,"column":30}},"locations":[{"start":{"line":25,"column":54},"end":{"line":27,"column":30}}]},"13":{"type":"branch","line":27,"loc":{"start":{"line":27,"column":30},"end":{"line":29,"column":5}},"locations":[{"start":{"line":27,"column":30},"end":{"line":29,"column":5}}]},"14":{"type":"branch","line":29,"loc":{"start":{"line":29,"column":4},"end":{"line":31,"column":29}},"locations":[{"start":{"line":29,"column":4},"end":{"line":31,"column":29}}]},"15":{"type":"branch","line":31,"loc":{"start":{"line":31,"column":29},"end":{"line":37,"column":5}},"locations":[{"start":{"line":31,"column":29},"end":{"line":37,"column":5}}]},"16":{"type":"branch","line":32,"loc":{"start":{"line":32,"column":39},"end":{"line":32,"column":52}},"locations":[{"start":{"line":32,"column":39},"end":{"line":32,"column":52}}]},"17":{"type":"branch","line":32,"loc":{"start":{"line":32,"column":46},"end":{"line":33,"column":44}},"locations":[{"start":{"line":32,"column":46},"end":{"line":33,"column":44}}]},"18":{"type":"branch","line":33,"loc":{"start":{"line":33,"column":44},"end":{"line":35,"column":7}},"locations":[{"start":{"line":33,"column":44},"end":{"line":35,"column":7}}]},"19":{"type":"branch","line":34,"loc":{"start":{"line":34,"column":46},"end":{"line":34,"column":59}},"locations":[{"start":{"line":34,"column":46},"end":{"line":34,"column":59}}]},"20":{"type":"branch","line":35,"loc":{"start":{"line":35,"column":6},"end":{"line":37,"column":5}},"locations":[{"start":{"line":35,"column":6},"end":{"line":37,"column":5}}]},"21":{"type":"branch","line":37,"loc":{"start":{"line":37,"column":4},"end":{"line":42,"column":46}},"locations":[{"start":{"line":37,"column":4},"end":{"line":42,"column":46}}]},"22":{"type":"branch","line":42,"loc":{"start":{"line":42,"column":39},"end":{"line":42,"column":52}},"locations":[{"start":{"line":42,"column":39},"end":{"line":42,"column":52}}]},"23":{"type":"branch","line":42,"loc":{"start":{"line":42,"column":46},"end":{"line":44,"column":43}},"locations":[{"start":{"line":42,"column":46},"end":{"line":44,"column":43}}]},"24":{"type":"branch","line":44,"loc":{"start":{"line":44,"column":43},"end":{"line":49,"column":5}},"locations":[{"start":{"line":44,"column":43},"end":{"line":49,"column":5}}]},"25":{"type":"branch","line":46,"loc":{"start":{"line":46,"column":57},"end":{"line":46,"column":100}},"locations":[{"start":{"line":46,"column":57},"end":{"line":46,"column":100}}]},"26":{"type":"branch","line":46,"loc":{"start":{"line":46,"column":100},"end":{"line":48,"column":7}},"locations":[{"start":{"line":46,"column":100},"end":{"line":48,"column":7}}]},"27":{"type":"branch","line":49,"loc":{"start":{"line":49,"column":4},"end":{"line":52,"column":3}},"locations":[{"start":{"line":49,"column":4},"end":{"line":52,"column":3}}]},"28":{"type":"branch","line":52,"loc":{"start":{"line":52,"column":2},"end":{"line":55,"column":1}},"locations":[{"start":{"line":52,"column":2},"end":{"line":55,"column":1}}]},"29":{"type":"branch","line":58,"loc":{"start":{"line":58,"column":7},"end":{"line":81,"column":1}},"locations":[{"start":{"line":58,"column":7},"end":{"line":81,"column":1}}]},"30":{"type":"branch","line":60,"loc":{"start":{"line":60,"column":30},"end":{"line":79,"column":3}},"locations":[{"start":{"line":60,"column":30},"end":{"line":79,"column":3}}]},"31":{"type":"branch","line":65,"loc":{"start":{"line":65,"column":29},"end":{"line":66,"column":29}},"locations":[{"start":{"line":65,"column":29},"end":{"line":66,"column":29}}]},"32":{"type":"branch","line":66,"loc":{"start":{"line":66,"column":22},"end":{"line":67,"column":67}},"locations":[{"start":{"line":66,"column":22},"end":{"line":67,"column":67}}]},"33":{"type":"branch","line":67,"loc":{"start":{"line":67,"column":32},"end":{"line":68,"column":44}},"locations":[{"start":{"line":67,"column":32},"end":{"line":68,"column":44}}]},"34":{"type":"branch","line":68,"loc":{"start":{"line":68,"column":33},"end":{"line":69,"column":33}},"locations":[{"start":{"line":68,"column":33},"end":{"line":69,"column":33}}]},"35":{"type":"branch","line":69,"loc":{"start":{"line":69,"column":26},"end":{"line":70,"column":68}},"locations":[{"start":{"line":69,"column":26},"end":{"line":70,"column":68}}]},"36":{"type":"branch","line":71,"loc":{"start":{"line":71,"column":8},"end":{"line":77,"column":7}},"locations":[{"start":{"line":71,"column":8},"end":{"line":77,"column":7}}]},"37":{"type":"branch","line":71,"loc":{"start":{"line":71,"column":8},"end":{"line":74,"column":13}},"locations":[{"start":{"line":71,"column":8},"end":{"line":74,"column":13}}]},"38":{"type":"branch","line":74,"loc":{"start":{"line":74,"column":6},"end":{"line":77,"column":7}},"locations":[{"start":{"line":74,"column":6},"end":{"line":77,"column":7}}]}},"b":{"0":[5],"1":[59],"2":[19],"3":[53],"4":[40],"5":[38],"6":[27],"7":[25],"8":[23],"9":[1],"10":[22],"11":[2],"12":[20],"13":[2],"14":[18],"15":[4],"16":[1],"17":[3],"18":[6],"19":[1],"20":[2],"21":[14],"22":[1],"23":[13],"24":[21],"25":[20],"26":[8],"27":[5],"28":[17],"29":[10],"30":[13],"31":[10],"32":[10],"33":[9],"34":[7],"35":[7],"36":[10],"37":[7],"38":[6]},"fnMap":{"0":{"name":"optional","decl":{"start":{"line":10,"column":7},"end":{"line":15,"column":1}},"loc":{"start":{"line":10,"column":7},"end":{"line":15,"column":1}},"line":10},"1":{"name":"isEqual","decl":{"start":{"line":18,"column":7},"end":{"line":55,"column":1}},"loc":{"start":{"line":18,"column":7},"end":{"line":55,"column":1}},"line":18},"2":{"name":"mergeState","decl":{"start":{"line":58,"column":7},"end":{"line":81,"column":1}},"loc":{"start":{"line":58,"column":7},"end":{"line":81,"column":1}},"line":58}},"f":{"0":5,"1":59,"2":10}}
}
