TN:
SF:src/index.tsx
FN:5,initiate
FN:18,reducer
FN:60,ReduxLiteProvider
FN:78,useReduxLiteStore
FN:92,acc.<computed>
FN:97,acc.<computed>
FNF:6
FNH:6
FNDA:13,initiate
FNDA:9,reducer
FNDA:22,ReduxLiteProvider
FNDA:24,useReduxLiteStore
FNDA:6,acc.<computed>
FNDA:3,acc.<computed>
DA:1,1
DA:2,1
DA:3,1
DA:4,1
DA:5,1
DA:6,13
DA:7,13
DA:8,39
DA:9,39
DA:10,13
DA:11,39
DA:12,26
DA:13,26
DA:14,39
DA:15,13
DA:16,13
DA:17,13
DA:18,13
DA:19,9
DA:20,9
DA:21,9
DA:22,9
DA:23,9
DA:24,9
DA:25,9
DA:26,3
DA:27,3
DA:28,3
DA:29,3
DA:30,1
DA:31,1
DA:32,2
DA:33,2
DA:34,2
DA:35,2
DA:36,2
DA:37,3
DA:38,3
DA:39,3
DA:40,6
DA:41,9
DA:42,2
DA:43,2
DA:44,4
DA:45,4
DA:46,4
DA:47,4
DA:48,4
DA:49,9
DA:50,13
DA:51,13
DA:52,13
DA:53,13
DA:54,13
DA:55,13
DA:56,13
DA:57,13
DA:58,13
DA:59,13
DA:60,13
DA:61,22
DA:62,13
DA:63,3
DA:64,3
DA:65,10
DA:66,22
DA:67,22
DA:68,22
DA:69,22
DA:70,22
DA:71,22
DA:72,22
DA:73,22
DA:74,22
DA:75,22
DA:76,13
DA:77,13
DA:78,13
DA:79,24
DA:80,24
DA:81,4
DA:82,4
DA:83,19
DA:84,19
DA:85,19
DA:86,19
DA:87,19
DA:88,19
DA:89,57
DA:90,57
DA:91,57
DA:92,57
DA:93,6
DA:94,6
DA:95,57
DA:96,57
DA:97,57
DA:98,3
DA:99,3
DA:100,57
DA:101,57
DA:102,19
DA:103,19
DA:104,19
DA:105,19
DA:106,19
DA:107,19
DA:108,24
DA:109,13
DA:110,13
DA:111,13
DA:112,13
DA:113,13
DA:114,13
LF:114
LH:114
BRDA:5,0,0,13
BRDA:7,1,0,39
BRDA:9,2,0,13
BRDA:11,3,0,26
BRDA:18,4,0,9
BRDA:23,5,0,2
BRDA:23,6,0,7
BRDA:25,7,0,3
BRDA:29,8,0,1
BRDA:31,9,0,2
BRDA:39,10,0,6
BRDA:41,11,0,2
BRDA:43,12,0,4
BRDA:60,13,0,22
BRDA:61,14,0,13
BRDA:62,15,0,3
BRDA:64,16,0,10
BRDA:78,17,0,24
BRDA:80,18,0,4
BRDA:82,19,0,19
BRDA:87,20,0,19
BRDA:88,21,0,57
BRDA:92,22,0,6
BRDA:97,23,0,3
BRF:24
BRH:24
end_of_record
TN:
SF:src/types.ts
FNF:0
FNH:0
DA:1,1
DA:2,1
DA:3,1
DA:4,1
DA:5,1
DA:6,1
DA:7,1
DA:8,1
DA:9,1
DA:10,1
DA:11,1
DA:12,1
DA:13,1
DA:14,1
DA:15,1
DA:16,1
DA:17,1
DA:18,1
DA:19,1
DA:20,1
DA:21,1
DA:22,1
DA:23,1
DA:24,1
DA:25,1
DA:26,1
DA:27,1
DA:28,1
DA:29,1
DA:30,1
DA:31,1
DA:32,1
DA:33,1
DA:34,1
DA:35,1
DA:36,1
DA:37,1
DA:38,1
DA:39,1
DA:40,1
DA:41,1
DA:42,1
DA:43,1
DA:44,1
DA:45,1
DA:46,1
DA:47,1
DA:48,1
DA:49,1
DA:50,1
DA:51,1
DA:52,1
DA:53,1
DA:54,1
DA:55,1
DA:56,1
DA:57,1
DA:58,1
DA:59,1
DA:60,1
DA:61,1
DA:62,1
DA:63,1
DA:64,1
DA:65,1
DA:66,1
DA:67,1
DA:68,1
DA:69,1
DA:70,1
DA:71,1
DA:72,1
DA:73,1
DA:74,1
DA:75,1
DA:76,1
DA:77,1
DA:78,1
DA:79,1
DA:80,1
DA:81,1
DA:82,1
DA:83,1
DA:84,1
DA:85,1
DA:86,1
DA:87,1
DA:88,1
DA:89,1
DA:90,1
DA:91,1
DA:92,1
LF:92
LH:92
BRF:0
BRH:0
end_of_record
TN:
SF:src/utils.ts
FN:10,optional
FN:18,isEqual
FN:58,mergeState
FNF:3
FNH:3
FNDA:5,optional
FNDA:59,isEqual
FNDA:10,mergeState
DA:1,1
DA:2,1
DA:3,1
DA:4,1
DA:5,1
DA:6,1
DA:7,1
DA:8,1
DA:9,1
DA:10,1
DA:11,5
DA:12,5
DA:13,5
DA:14,5
DA:15,5
DA:16,1
DA:17,1
DA:18,1
DA:19,59
DA:20,40
DA:21,59
DA:22,23
DA:23,22
DA:24,22
DA:25,23
DA:26,20
DA:27,23
DA:28,2
DA:29,2
DA:30,18
DA:31,23
DA:32,4
DA:33,4
DA:34,6
DA:35,6
DA:36,2
DA:37,2
DA:38,14
DA:39,14
DA:40,14
DA:41,14
DA:42,23
DA:43,13
DA:44,23
DA:45,21
DA:46,21
DA:47,8
DA:48,8
DA:49,21
DA:50,5
DA:51,5
DA:52,5
DA:53,17
DA:54,17
DA:55,17
DA:56,1
DA:57,1
DA:58,1
DA:59,10
DA:60,10
DA:61,13
DA:62,13
DA:63,13
DA:64,13
DA:65,13
DA:66,10
DA:67,10
DA:68,9
DA:69,7
DA:70,7
DA:71,13
DA:72,7
DA:73,7
DA:74,10
DA:75,6
DA:76,6
DA:77,6
DA:78,13
DA:79,13
DA:80,10
DA:81,10
LF:81
LH:81
BRDA:10,0,0,5
BRDA:18,1,0,59
BRDA:19,2,0,19
BRDA:19,3,0,53
BRDA:19,4,0,40
BRDA:21,5,0,38
BRDA:21,6,0,27
BRDA:21,7,0,25
BRDA:21,8,0,23
BRDA:22,9,0,1
BRDA:22,10,0,22
BRDA:25,11,0,2
BRDA:25,12,0,20
BRDA:27,13,0,2
BRDA:29,14,0,18
BRDA:31,15,0,4
BRDA:32,16,0,1
BRDA:32,17,0,3
BRDA:33,18,0,6
BRDA:34,19,0,1
BRDA:35,20,0,2
BRDA:37,21,0,14
BRDA:42,22,0,1
BRDA:42,23,0,13
BRDA:44,24,0,21
BRDA:46,25,0,20
BRDA:46,26,0,8
BRDA:49,27,0,5
BRDA:52,28,0,17
BRDA:58,29,0,10
BRDA:60,30,0,13
BRDA:65,31,0,10
BRDA:66,32,0,10
BRDA:67,33,0,9
BRDA:68,34,0,7
BRDA:69,35,0,7
BRDA:71,36,0,10
BRDA:71,37,0,7
BRDA:74,38,0,6
BRF:39
BRH:39
end_of_record
